rm ../ep_input/input/* && rm ../ep_input/stdout/* && rm ../ep_input/stderr/*
make -k -j 240 ep_input
make[1]: Entering directory `/qfs/projects/urbanbem/simulation/URBANBEM-1-parallel-simulation-feature/more_hvac_sys/src'
srun -A urbanbem singularity exec -B .. openstudio_python.sif python json2idf.py cbecs2673
srun -A urbanbem singularity exec -B .. openstudio_python.sif python json2idf.py cbecs4267
srun -A urbanbem singularity exec -B .. openstudio_python.sif python json2idf.py cbecs2361
srun -A urbanbem singularity exec -B .. openstudio_python.sif python json2idf.py cbecs164
srun -A urbanbem singularity exec -B .. openstudio_python.sif python json2idf.py cbecs5130
srun -A urbanbem singularity exec -B .. openstudio_python.sif python json2idf.py cbecs5931
srun -A urbanbem singularity exec -B .. openstudio_python.sif python json2idf.py cbecs6646
srun -A urbanbem singularity exec -B .. openstudio_python.sif python json2idf.py cbecs3515
srun -A urbanbem singularity exec -B .. openstudio_python.sif python json2idf.py cbecs777
srun -A urbanbem singularity exec -B .. openstudio_python.sif python json2idf.py cbecs1864
srun -A urbanbem singularity exec -B .. openstudio_python.sif python json2idf.py cbecs3423
srun -A urbanbem singularity exec -B .. openstudio_python.sif python json2idf.py cbecs5013
srun -A urbanbem singularity exec -B .. openstudio_python.sif python json2idf.py cbecs2395
srun -A urbanbem singularity exec -B .. openstudio_python.sif python json2idf.py cbecs5031
srun -A urbanbem singularity exec -B .. openstudio_python.sif python json2idf.py cbecs816
srun -A urbanbem singularity exec -B .. openstudio_python.sif python json2idf.py cbecs2136
srun -A urbanbem singularity exec -B .. openstudio_python.sif python json2idf.py cbecs6482
srun -A urbanbem singularity exec -B .. openstudio_python.sif python json2idf.py cbecs6605
srun -A urbanbem singularity exec -B .. openstudio_python.sif python json2idf.py cbecs5592
srun -A urbanbem singularity exec -B .. openstudio_python.sif python json2idf.py cbecs3160
srun -A urbanbem singularity exec -B .. openstudio_python.sif python json2idf.py cbecs954
srun -A urbanbem singularity exec -B .. openstudio_python.sif python json2idf.py cbecs3186
srun -A urbanbem singularity exec -B .. openstudio_python.sif python json2idf.py cbecs531
srun -A urbanbem singularity exec -B .. openstudio_python.sif python json2idf.py cbecs6395
srun -A urbanbem singularity exec -B .. openstudio_python.sif python json2idf.py cbecs3055
srun -A urbanbem singularity exec -B .. openstudio_python.sif python json2idf.py cbecs2436
srun -A urbanbem singularity exec -B .. openstudio_python.sif python json2idf.py cbecs5375
srun -A urbanbem singularity exec -B .. openstudio_python.sif python json2idf.py cbecs429
srun -A urbanbem singularity exec -B .. openstudio_python.sif python json2idf.py cbecs4912
srun -A urbanbem singularity exec -B .. openstudio_python.sif python json2idf.py cbecs3826
srun -A urbanbem singularity exec -B .. openstudio_python.sif python json2idf.py cbecs4644
srun -A urbanbem singularity exec -B .. openstudio_python.sif python json2idf.py cbecs2631
srun -A urbanbem singularity exec -B .. openstudio_python.sif python json2idf.py cbecs3349
srun -A urbanbem singularity exec -B .. openstudio_python.sif python json2idf.py cbecs5093
srun -A urbanbem singularity exec -B .. openstudio_python.sif python json2idf.py cbecs5212
srun -A urbanbem singularity exec -B .. openstudio_python.sif python json2idf.py cbecs2477
srun -A urbanbem singularity exec -B .. openstudio_python.sif python json2idf.py cbecs36
srun -A urbanbem singularity exec -B .. openstudio_python.sif python json2idf.py cbecs6620
srun -A urbanbem singularity exec -B .. openstudio_python.sif python json2idf.py cbecs5122
srun -A urbanbem singularity exec -B .. openstudio_python.sif python json2idf.py cbecs3873
srun -A urbanbem singularity exec -B .. openstudio_python.sif python json2idf.py cbecs2553
srun -A urbanbem singularity exec -B .. openstudio_python.sif python json2idf.py cbecs5313
srun -A urbanbem singularity exec -B .. openstudio_python.sif python json2idf.py cbecs2360
srun -A urbanbem singularity exec -B .. openstudio_python.sif python json2idf.py cbecs2760
srun -A urbanbem singularity exec -B .. openstudio_python.sif python json2idf.py cbecs4379
srun -A urbanbem singularity exec -B .. openstudio_python.sif python json2idf.py cbecs2979
srun -A urbanbem singularity exec -B .. openstudio_python.sif python json2idf.py cbecs3244
srun -A urbanbem singularity exec -B .. openstudio_python.sif python json2idf.py cbecs1926
srun -A urbanbem singularity exec -B .. openstudio_python.sif python json2idf.py cbecs4642
srun -A urbanbem singularity exec -B .. openstudio_python.sif python json2idf.py cbecs5030
srun -A urbanbem singularity exec -B .. openstudio_python.sif python json2idf.py cbecs1118
srun -A urbanbem singularity exec -B .. openstudio_python.sif python json2idf.py cbecs585
srun -A urbanbem singularity exec -B .. openstudio_python.sif python json2idf.py cbecs5003
srun -A urbanbem singularity exec -B .. openstudio_python.sif python json2idf.py cbecs5160
srun -A urbanbem singularity exec -B .. openstudio_python.sif python json2idf.py cbecs654
srun -A urbanbem singularity exec -B .. openstudio_python.sif python json2idf.py cbecs1377
srun -A urbanbem singularity exec -B .. openstudio_python.sif python json2idf.py cbecs976
srun -A urbanbem singularity exec -B .. openstudio_python.sif python json2idf.py cbecs316
srun -A urbanbem singularity exec -B .. openstudio_python.sif python json2idf.py cbecs2954
srun -A urbanbem singularity exec -B .. openstudio_python.sif python json2idf.py cbecs530
srun -A urbanbem singularity exec -B .. openstudio_python.sif python json2idf.py cbecs5089
srun -A urbanbem singularity exec -B .. openstudio_python.sif python json2idf.py cbecs5572
srun -A urbanbem singularity exec -B .. openstudio_python.sif python json2idf.py cbecs3061
srun -A urbanbem singularity exec -B .. openstudio_python.sif python json2idf.py cbecs1153
srun -A urbanbem singularity exec -B .. openstudio_python.sif python json2idf.py cbecs3951
srun -A urbanbem singularity exec -B .. openstudio_python.sif python json2idf.py cbecs4211
srun -A urbanbem singularity exec -B .. openstudio_python.sif python json2idf.py cbecs2406
srun -A urbanbem singularity exec -B .. openstudio_python.sif python json2idf.py cbecs4129
srun -A urbanbem singularity exec -B .. openstudio_python.sif python json2idf.py cbecs1624
srun -A urbanbem singularity exec -B .. openstudio_python.sif python json2idf.py cbecs4871
srun -A urbanbem singularity exec -B .. openstudio_python.sif python json2idf.py cbecs830
srun -A urbanbem singularity exec -B .. openstudio_python.sif python json2idf.py cbecs2533
srun -A urbanbem singularity exec -B .. openstudio_python.sif python json2idf.py cbecs3260
srun -A urbanbem singularity exec -B .. openstudio_python.sif python json2idf.py cbecs3680
srun -A urbanbem singularity exec -B .. openstudio_python.sif python json2idf.py cbecs3067
srun -A urbanbem singularity exec -B .. openstudio_python.sif python json2idf.py cbecs1059
srun -A urbanbem singularity exec -B .. openstudio_python.sif python json2idf.py cbecs2394
srun -A urbanbem singularity exec -B .. openstudio_python.sif python json2idf.py cbecs6051
srun -A urbanbem singularity exec -B .. openstudio_python.sif python json2idf.py cbecs2951
srun -A urbanbem singularity exec -B .. openstudio_python.sif python json2idf.py cbecs952
srun -A urbanbem singularity exec -B .. openstudio_python.sif python json2idf.py cbecs6594
srun -A urbanbem singularity exec -B .. openstudio_python.sif python json2idf.py cbecs1556
srun -A urbanbem singularity exec -B .. openstudio_python.sif python json2idf.py cbecs3929
srun -A urbanbem singularity exec -B .. openstudio_python.sif python json2idf.py cbecs3525
srun -A urbanbem singularity exec -B .. openstudio_python.sif python json2idf.py cbecs4402
srun -A urbanbem singularity exec -B .. openstudio_python.sif python json2idf.py cbecs5168
srun -A urbanbem singularity exec -B .. openstudio_python.sif python json2idf.py cbecs3333
srun -A urbanbem singularity exec -B .. openstudio_python.sif python json2idf.py cbecs3216
srun -A urbanbem singularity exec -B .. openstudio_python.sif python json2idf.py cbecs5868
srun -A urbanbem singularity exec -B .. openstudio_python.sif python json2idf.py cbecs159
srun -A urbanbem singularity exec -B .. openstudio_python.sif python json2idf.py cbecs822
srun -A urbanbem singularity exec -B .. openstudio_python.sif python json2idf.py cbecs4165
srun -A urbanbem singularity exec -B .. openstudio_python.sif python json2idf.py cbecs6226
srun -A urbanbem singularity exec -B .. openstudio_python.sif python json2idf.py cbecs3551
srun -A urbanbem singularity exec -B .. openstudio_python.sif python json2idf.py cbecs5719
srun -A urbanbem singularity exec -B .. openstudio_python.sif python json2idf.py cbecs998
srun -A urbanbem singularity exec -B .. openstudio_python.sif python json2idf.py cbecs3187
srun -A urbanbem singularity exec -B .. openstudio_python.sif python json2idf.py cbecs2801
srun -A urbanbem singularity exec -B .. openstudio_python.sif python json2idf.py cbecs3377
srun -A urbanbem singularity exec -B .. openstudio_python.sif python json2idf.py cbecs5302
srun -A urbanbem singularity exec -B .. openstudio_python.sif python json2idf.py cbecs1560
srun -A urbanbem singularity exec -B .. openstudio_python.sif python json2idf.py cbecs493
srun -A urbanbem singularity exec -B .. openstudio_python.sif python json2idf.py cbecs5230
srun -A urbanbem singularity exec -B .. openstudio_python.sif python json2idf.py cbecs6560
srun -A urbanbem singularity exec -B .. openstudio_python.sif python json2idf.py cbecs5019
srun -A urbanbem singularity exec -B .. openstudio_python.sif python json2idf.py cbecs2362
srun -A urbanbem singularity exec -B .. openstudio_python.sif python json2idf.py cbecs73
srun -A urbanbem singularity exec -B .. openstudio_python.sif python json2idf.py cbecs3558
srun -A urbanbem singularity exec -B .. openstudio_python.sif python json2idf.py cbecs781
srun -A urbanbem singularity exec -B .. openstudio_python.sif python json2idf.py cbecs5951
srun -A urbanbem singularity exec -B .. openstudio_python.sif python json2idf.py cbecs1641
srun -A urbanbem singularity exec -B .. openstudio_python.sif python json2idf.py cbecs5858
srun -A urbanbem singularity exec -B .. openstudio_python.sif python json2idf.py cbecs2488
srun -A urbanbem singularity exec -B .. openstudio_python.sif python json2idf.py cbecs4903
srun -A urbanbem singularity exec -B .. openstudio_python.sif python json2idf.py cbecs4673
srun -A urbanbem singularity exec -B .. openstudio_python.sif python json2idf.py cbecs1885
srun -A urbanbem singularity exec -B .. openstudio_python.sif python json2idf.py cbecs5023
srun -A urbanbem singularity exec -B .. openstudio_python.sif python json2idf.py cbecs2236
srun -A urbanbem singularity exec -B .. openstudio_python.sif python json2idf.py cbecs2540
srun -A urbanbem singularity exec -B .. openstudio_python.sif python json2idf.py cbecs5243
srun -A urbanbem singularity exec -B .. openstudio_python.sif python json2idf.py cbecs5032
srun -A urbanbem singularity exec -B .. openstudio_python.sif python json2idf.py cbecs6644
srun -A urbanbem singularity exec -B .. openstudio_python.sif python json2idf.py cbecs5748
srun -A urbanbem singularity exec -B .. openstudio_python.sif python json2idf.py cbecs4922
srun -A urbanbem singularity exec -B .. openstudio_python.sif python json2idf.py cbecs4323
srun -A urbanbem singularity exec -B .. openstudio_python.sif python json2idf.py cbecs3955
srun -A urbanbem singularity exec -B .. openstudio_python.sif python json2idf.py cbecs4786
srun -A urbanbem singularity exec -B .. openstudio_python.sif python json2idf.py cbecs4353
srun -A urbanbem singularity exec -B .. openstudio_python.sif python json2idf.py cbecs4692
srun -A urbanbem singularity exec -B .. openstudio_python.sif python json2idf.py cbecs1748
srun -A urbanbem singularity exec -B .. openstudio_python.sif python json2idf.py cbecs6656
srun -A urbanbem singularity exec -B .. openstudio_python.sif python json2idf.py cbecs532
srun -A urbanbem singularity exec -B .. openstudio_python.sif python json2idf.py cbecs5035
srun -A urbanbem singularity exec -B .. openstudio_python.sif python json2idf.py cbecs2478
srun -A urbanbem singularity exec -B .. openstudio_python.sif python json2idf.py cbecs4957
srun -A urbanbem singularity exec -B .. openstudio_python.sif python json2idf.py cbecs2381
srun -A urbanbem singularity exec -B .. openstudio_python.sif python json2idf.py cbecs4311
srun -A urbanbem singularity exec -B .. openstudio_python.sif python json2idf.py cbecs3550
srun -A urbanbem singularity exec -B .. openstudio_python.sif python json2idf.py cbecs2998
srun -A urbanbem singularity exec -B .. openstudio_python.sif python json2idf.py cbecs519
srun -A urbanbem singularity exec -B .. openstudio_python.sif python json2idf.py cbecs666
srun -A urbanbem singularity exec -B .. openstudio_python.sif python json2idf.py cbecs1178
srun -A urbanbem singularity exec -B .. openstudio_python.sif python json2idf.py cbecs182
srun -A urbanbem singularity exec -B .. openstudio_python.sif python json2idf.py cbecs1336
srun -A urbanbem singularity exec -B .. openstudio_python.sif python json2idf.py cbecs523
srun -A urbanbem singularity exec -B .. openstudio_python.sif python json2idf.py cbecs3904
srun -A urbanbem singularity exec -B .. openstudio_python.sif python json2idf.py cbecs2076
srun -A urbanbem singularity exec -B .. openstudio_python.sif python json2idf.py cbecs656
srun -A urbanbem singularity exec -B .. openstudio_python.sif python json2idf.py cbecs173
srun -A urbanbem singularity exec -B .. openstudio_python.sif python json2idf.py cbecs3155
srun -A urbanbem singularity exec -B .. openstudio_python.sif python json2idf.py cbecs3925
srun -A urbanbem singularity exec -B .. openstudio_python.sif python json2idf.py cbecs6163
srun -A urbanbem singularity exec -B .. openstudio_python.sif python json2idf.py cbecs1640
srun -A urbanbem singularity exec -B .. openstudio_python.sif python json2idf.py cbecs2218
srun -A urbanbem singularity exec -B .. openstudio_python.sif python json2idf.py cbecs4195
srun -A urbanbem singularity exec -B .. openstudio_python.sif python json2idf.py cbecs5838
srun -A urbanbem singularity exec -B .. openstudio_python.sif python json2idf.py cbecs4054
srun -A urbanbem singularity exec -B .. openstudio_python.sif python json2idf.py cbecs5417
srun -A urbanbem singularity exec -B .. openstudio_python.sif python json2idf.py cbecs3709
srun -A urbanbem singularity exec -B .. openstudio_python.sif python json2idf.py cbecs4598
srun -A urbanbem singularity exec -B .. openstudio_python.sif python json2idf.py cbecs6602
srun -A urbanbem singularity exec -B .. openstudio_python.sif python json2idf.py cbecs6717
srun -A urbanbem singularity exec -B .. openstudio_python.sif python json2idf.py cbecs281
srun -A urbanbem singularity exec -B .. openstudio_python.sif python json2idf.py cbecs4042
srun -A urbanbem singularity exec -B .. openstudio_python.sif python json2idf.py cbecs3161
srun -A urbanbem singularity exec -B .. openstudio_python.sif python json2idf.py cbecs2872
srun -A urbanbem singularity exec -B .. openstudio_python.sif python json2idf.py cbecs4420
srun -A urbanbem singularity exec -B .. openstudio_python.sif python json2idf.py cbecs1955
srun -A urbanbem singularity exec -B .. openstudio_python.sif python json2idf.py cbecs3855
srun -A urbanbem singularity exec -B .. openstudio_python.sif python json2idf.py cbecs4405
srun -A urbanbem singularity exec -B .. openstudio_python.sif python json2idf.py cbecs4446
srun -A urbanbem singularity exec -B .. openstudio_python.sif python json2idf.py cbecs3461
srun -A urbanbem singularity exec -B .. openstudio_python.sif python json2idf.py cbecs4763
srun -A urbanbem singularity exec -B .. openstudio_python.sif python json2idf.py cbecs5310
srun -A urbanbem singularity exec -B .. openstudio_python.sif python json2idf.py cbecs1416
srun -A urbanbem singularity exec -B .. openstudio_python.sif python json2idf.py cbecs3883
srun -A urbanbem singularity exec -B .. openstudio_python.sif python json2idf.py cbecs3624
srun -A urbanbem singularity exec -B .. openstudio_python.sif python json2idf.py cbecs5301
srun -A urbanbem singularity exec -B .. openstudio_python.sif python json2idf.py cbecs1394
srun -A urbanbem singularity exec -B .. openstudio_python.sif python json2idf.py cbecs5907
srun -A urbanbem singularity exec -B .. openstudio_python.sif python json2idf.py cbecs4188
srun -A urbanbem singularity exec -B .. openstudio_python.sif python json2idf.py cbecs6177
srun -A urbanbem singularity exec -B .. openstudio_python.sif python json2idf.py cbecs3206
srun -A urbanbem singularity exec -B .. openstudio_python.sif python json2idf.py cbecs5068
srun -A urbanbem singularity exec -B .. openstudio_python.sif python json2idf.py cbecs2287
srun -A urbanbem singularity exec -B .. openstudio_python.sif python json2idf.py cbecs3747
srun -A urbanbem singularity exec -B .. openstudio_python.sif python json2idf.py cbecs1908
srun -A urbanbem singularity exec -B .. openstudio_python.sif python json2idf.py cbecs4367
srun -A urbanbem singularity exec -B .. openstudio_python.sif python json2idf.py cbecs1647
srun -A urbanbem singularity exec -B .. openstudio_python.sif python json2idf.py cbecs3609
srun -A urbanbem singularity exec -B .. openstudio_python.sif python json2idf.py cbecs4868
srun -A urbanbem singularity exec -B .. openstudio_python.sif python json2idf.py cbecs2579
srun -A urbanbem singularity exec -B .. openstudio_python.sif python json2idf.py cbecs2461
srun -A urbanbem singularity exec -B .. openstudio_python.sif python json2idf.py cbecs4584
srun -A urbanbem singularity exec -B .. openstudio_python.sif python json2idf.py cbecs181
srun -A urbanbem singularity exec -B .. openstudio_python.sif python json2idf.py cbecs3862
srun -A urbanbem singularity exec -B .. openstudio_python.sif python json2idf.py cbecs1717
srun -A urbanbem singularity exec -B .. openstudio_python.sif python json2idf.py cbecs4422
srun -A urbanbem singularity exec -B .. openstudio_python.sif python json2idf.py cbecs5106
srun -A urbanbem singularity exec -B .. openstudio_python.sif python json2idf.py cbecs4895
srun -A urbanbem singularity exec -B .. openstudio_python.sif python json2idf.py cbecs542
srun -A urbanbem singularity exec -B .. openstudio_python.sif python json2idf.py cbecs1800
srun -A urbanbem singularity exec -B .. openstudio_python.sif python json2idf.py cbecs2686
srun -A urbanbem singularity exec -B .. openstudio_python.sif python json2idf.py cbecs4132
srun -A urbanbem singularity exec -B .. openstudio_python.sif python json2idf.py cbecs3934
srun -A urbanbem singularity exec -B .. openstudio_python.sif python json2idf.py cbecs118
srun -A urbanbem singularity exec -B .. openstudio_python.sif python json2idf.py cbecs2695
srun -A urbanbem singularity exec -B .. openstudio_python.sif python json2idf.py cbecs3136
srun -A urbanbem singularity exec -B .. openstudio_python.sif python json2idf.py cbecs2596
srun -A urbanbem singularity exec -B .. openstudio_python.sif python json2idf.py cbecs2624
srun -A urbanbem singularity exec -B .. openstudio_python.sif python json2idf.py cbecs555
srun -A urbanbem singularity exec -B .. openstudio_python.sif python json2idf.py cbecs5141
srun -A urbanbem singularity exec -B .. openstudio_python.sif python json2idf.py cbecs153
srun -A urbanbem singularity exec -B .. openstudio_python.sif python json2idf.py cbecs2146
srun -A urbanbem singularity exec -B .. openstudio_python.sif python json2idf.py cbecs2066
srun -A urbanbem singularity exec -B .. openstudio_python.sif python json2idf.py cbecs5641
srun -A urbanbem singularity exec -B .. openstudio_python.sif python json2idf.py cbecs1928
srun -A urbanbem singularity exec -B .. openstudio_python.sif python json2idf.py cbecs2781
srun -A urbanbem singularity exec -B .. openstudio_python.sif python json2idf.py cbecs3630
srun -A urbanbem singularity exec -B .. openstudio_python.sif python json2idf.py cbecs3440
srun -A urbanbem singularity exec -B .. openstudio_python.sif python json2idf.py cbecs4725
srun -A urbanbem singularity exec -B .. openstudio_python.sif python json2idf.py cbecs3675
srun -A urbanbem singularity exec -B .. openstudio_python.sif python json2idf.py cbecs2674
srun -A urbanbem singularity exec -B .. openstudio_python.sif python json2idf.py cbecs3658
srun -A urbanbem singularity exec -B .. openstudio_python.sif python json2idf.py cbecs5338
srun -A urbanbem singularity exec -B .. openstudio_python.sif python json2idf.py cbecs1155
srun -A urbanbem singularity exec -B .. openstudio_python.sif python json2idf.py cbecs4282
srun -A urbanbem singularity exec -B .. openstudio_python.sif python json2idf.py cbecs3034
srun -A urbanbem singularity exec -B .. openstudio_python.sif python json2idf.py cbecs2368
srun -A urbanbem singularity exec -B .. openstudio_python.sif python json2idf.py cbecs3355
srun -A urbanbem singularity exec -B .. openstudio_python.sif python json2idf.py cbecs6425
srun -A urbanbem singularity exec -B .. openstudio_python.sif python json2idf.py cbecs2008
srun -A urbanbem singularity exec -B .. openstudio_python.sif python json2idf.py cbecs4340
srun -A urbanbem singularity exec -B .. openstudio_python.sif python json2idf.py cbecs3265
srun -A urbanbem singularity exec -B .. openstudio_python.sif python json2idf.py cbecs6238
srun -A urbanbem singularity exec -B .. openstudio_python.sif python json2idf.py cbecs2529
srun -A urbanbem singularity exec -B .. openstudio_python.sif python json2idf.py cbecs1783
srun -A urbanbem singularity exec -B .. openstudio_python.sif python json2idf.py cbecs5094
srun -A urbanbem singularity exec -B .. openstudio_python.sif python json2idf.py cbecs6209
srun -A urbanbem singularity exec -B .. openstudio_python.sif python json2idf.py cbecs335
srun -A urbanbem singularity exec -B .. openstudio_python.sif python json2idf.py cbecs2460
srun -A urbanbem singularity exec -B .. openstudio_python.sif python json2idf.py cbecs928
srun -A urbanbem singularity exec -B .. openstudio_python.sif python json2idf.py cbecs5776
srun -A urbanbem singularity exec -B .. openstudio_python.sif python json2idf.py cbecs180
srun -A urbanbem singularity exec -B .. openstudio_python.sif python json2idf.py cbecs2201
srun -A urbanbem singularity exec -B .. openstudio_python.sif python json2idf.py cbecs2721
srun -A urbanbem singularity exec -B .. openstudio_python.sif python json2idf.py cbecs5759
srun -A urbanbem singularity exec -B .. openstudio_python.sif python json2idf.py cbecs2473
srun -A urbanbem singularity exec -B .. openstudio_python.sif python json2idf.py cbecs541
srun -A urbanbem singularity exec -B .. openstudio_python.sif python json2idf.py cbecs2118
srun -A urbanbem singularity exec -B .. openstudio_python.sif python json2idf.py cbecs4983
srun -A urbanbem singularity exec -B .. openstudio_python.sif python json2idf.py cbecs675
srun -A urbanbem singularity exec -B .. openstudio_python.sif python json2idf.py cbecs5400
srun -A urbanbem singularity exec -B .. openstudio_python.sif python json2idf.py cbecs6553
srun -A urbanbem singularity exec -B .. openstudio_python.sif python json2idf.py cbecs1509
srun -A urbanbem singularity exec -B .. openstudio_python.sif python json2idf.py cbecs6356
srun -A urbanbem singularity exec -B .. openstudio_python.sif python json2idf.py cbecs4886
srun -A urbanbem singularity exec -B .. openstudio_python.sif python json2idf.py cbecs3603
srun -A urbanbem singularity exec -B .. openstudio_python.sif python json2idf.py cbecs1128
srun -A urbanbem singularity exec -B .. openstudio_python.sif python json2idf.py cbecs2455
srun -A urbanbem singularity exec -B .. openstudio_python.sif python json2idf.py cbecs6549
srun -A urbanbem singularity exec -B .. openstudio_python.sif python json2idf.py cbecs5777
srun -A urbanbem singularity exec -B .. openstudio_python.sif python json2idf.py cbecs363
srun -A urbanbem singularity exec -B .. openstudio_python.sif python json2idf.py cbecs2271
srun -A urbanbem singularity exec -B .. openstudio_python.sif python json2idf.py cbecs5331
srun -A urbanbem singularity exec -B .. openstudio_python.sif python json2idf.py cbecs5014
srun -A urbanbem singularity exec -B .. openstudio_python.sif python json2idf.py cbecs6688
srun -A urbanbem singularity exec -B .. openstudio_python.sif python json2idf.py cbecs4574
srun -A urbanbem singularity exec -B .. openstudio_python.sif python json2idf.py cbecs3874
srun -A urbanbem singularity exec -B .. openstudio_python.sif python json2idf.py cbecs885
srun -A urbanbem singularity exec -B .. openstudio_python.sif python json2idf.py cbecs3167
srun -A urbanbem singularity exec -B .. openstudio_python.sif python json2idf.py cbecs2059
srun -A urbanbem singularity exec -B .. openstudio_python.sif python json2idf.py cbecs5041
srun -A urbanbem singularity exec -B .. openstudio_python.sif python json2idf.py cbecs2554
srun -A urbanbem singularity exec -B .. openstudio_python.sif python json2idf.py cbecs5104
srun -A urbanbem singularity exec -B .. openstudio_python.sif python json2idf.py cbecs5227
srun -A urbanbem singularity exec -B .. openstudio_python.sif python json2idf.py cbecs5578
srun -A urbanbem singularity exec -B .. openstudio_python.sif python json2idf.py cbecs3622
srun -A urbanbem singularity exec -B .. openstudio_python.sif python json2idf.py cbecs1082
srun -A urbanbem singularity exec -B .. openstudio_python.sif python json2idf.py cbecs2871
srun -A urbanbem singularity exec -B .. openstudio_python.sif python json2idf.py cbecs857
srun -A urbanbem singularity exec -B .. openstudio_python.sif python json2idf.py cbecs3666
srun -A urbanbem singularity exec -B .. openstudio_python.sif python json2idf.py cbecs3344
srun -A urbanbem singularity exec -B .. openstudio_python.sif python json2idf.py cbecs336
srun -A urbanbem singularity exec -B .. openstudio_python.sif python json2idf.py cbecs1674
srun -A urbanbem singularity exec -B .. openstudio_python.sif python json2idf.py cbecs3163
srun -A urbanbem singularity exec -B .. openstudio_python.sif python json2idf.py cbecs246
srun -A urbanbem singularity exec -B .. openstudio_python.sif python json2idf.py cbecs5133
srun -A urbanbem singularity exec -B .. openstudio_python.sif python json2idf.py cbecs4982
srun -A urbanbem singularity exec -B .. openstudio_python.sif python json2idf.py cbecs6536
srun -A urbanbem singularity exec -B .. openstudio_python.sif python json2idf.py cbecs5235
srun -A urbanbem singularity exec -B .. openstudio_python.sif python json2idf.py cbecs18
srun -A urbanbem singularity exec -B .. openstudio_python.sif python json2idf.py cbecs813
srun -A urbanbem singularity exec -B .. openstudio_python.sif python json2idf.py cbecs540
srun -A urbanbem singularity exec -B .. openstudio_python.sif python json2idf.py cbecs6355
srun -A urbanbem singularity exec -B .. openstudio_python.sif python json2idf.py cbecs636
srun -A urbanbem singularity exec -B .. openstudio_python.sif python json2idf.py cbecs1899
srun -A urbanbem singularity exec -B .. openstudio_python.sif python json2idf.py cbecs6381
srun -A urbanbem singularity exec -B .. openstudio_python.sif python json2idf.py cbecs4106
srun -A urbanbem singularity exec -B .. openstudio_python.sif python json2idf.py cbecs4735
srun -A urbanbem singularity exec -B .. openstudio_python.sif python json2idf.py cbecs2545
srun -A urbanbem singularity exec -B .. openstudio_python.sif python json2idf.py cbecs3225
srun -A urbanbem singularity exec -B .. openstudio_python.sif python json2idf.py cbecs514
srun -A urbanbem singularity exec -B .. openstudio_python.sif python json2idf.py cbecs5222
srun -A urbanbem singularity exec -B .. openstudio_python.sif python json2idf.py cbecs3837
srun -A urbanbem singularity exec -B .. openstudio_python.sif python json2idf.py cbecs3316
srun -A urbanbem singularity exec -B .. openstudio_python.sif python json2idf.py cbecs6384
srun -A urbanbem singularity exec -B .. openstudio_python.sif python json2idf.py cbecs6652
srun -A urbanbem singularity exec -B .. openstudio_python.sif python json2idf.py cbecs5330
srun -A urbanbem singularity exec -B .. openstudio_python.sif python json2idf.py cbecs5768
srun -A urbanbem singularity exec -B .. openstudio_python.sif python json2idf.py cbecs3738
srun -A urbanbem singularity exec -B .. openstudio_python.sif python json2idf.py cbecs1462
srun -A urbanbem singularity exec -B .. openstudio_python.sif python json2idf.py cbecs4302
srun -A urbanbem singularity exec -B .. openstudio_python.sif python json2idf.py cbecs2777
srun -A urbanbem singularity exec -B .. openstudio_python.sif python json2idf.py cbecs2967
srun -A urbanbem singularity exec -B .. openstudio_python.sif python json2idf.py cbecs1246
srun -A urbanbem singularity exec -B .. openstudio_python.sif python json2idf.py cbecs5040
srun -A urbanbem singularity exec -B .. openstudio_python.sif python json2idf.py cbecs2702
srun -A urbanbem singularity exec -B .. openstudio_python.sif python json2idf.py cbecs2660
srun -A urbanbem singularity exec -B .. openstudio_python.sif python json2idf.py cbecs5004
srun -A urbanbem singularity exec -B .. openstudio_python.sif python json2idf.py cbecs4932
srun -A urbanbem singularity exec -B .. openstudio_python.sif python json2idf.py cbecs1183
srun -A urbanbem singularity exec -B .. openstudio_python.sif python json2idf.py cbecs3601
srun -A urbanbem singularity exec -B .. openstudio_python.sif python json2idf.py cbecs3935
srun -A urbanbem singularity exec -B .. openstudio_python.sif python json2idf.py cbecs3262
srun -A urbanbem singularity exec -B .. openstudio_python.sif python json2idf.py cbecs5303
srun -A urbanbem singularity exec -B .. openstudio_python.sif python json2idf.py cbecs1496
srun -A urbanbem singularity exec -B .. openstudio_python.sif python json2idf.py cbecs2645
srun -A urbanbem singularity exec -B .. openstudio_python.sif python json2idf.py cbecs2697
srun -A urbanbem singularity exec -B .. openstudio_python.sif python json2idf.py cbecs707
srun -A urbanbem singularity exec -B .. openstudio_python.sif python json2idf.py cbecs6138
srun -A urbanbem singularity exec -B .. openstudio_python.sif python json2idf.py cbecs3557
srun -A urbanbem singularity exec -B .. openstudio_python.sif python json2idf.py cbecs3006
srun -A urbanbem singularity exec -B .. openstudio_python.sif python json2idf.py cbecs54
srun -A urbanbem singularity exec -B .. openstudio_python.sif python json2idf.py cbecs6036
srun -A urbanbem singularity exec -B .. openstudio_python.sif python json2idf.py cbecs5192
srun -A urbanbem singularity exec -B .. openstudio_python.sif python json2idf.py cbecs5033
srun -A urbanbem singularity exec -B .. openstudio_python.sif python json2idf.py cbecs3226
srun -A urbanbem singularity exec -B .. openstudio_python.sif python json2idf.py cbecs4214
srun -A urbanbem singularity exec -B .. openstudio_python.sif python json2idf.py cbecs1278
srun -A urbanbem singularity exec -B .. openstudio_python.sif python json2idf.py cbecs3457
srun -A urbanbem singularity exec -B .. openstudio_python.sif python json2idf.py cbecs6380
srun -A urbanbem singularity exec -B .. openstudio_python.sif python json2idf.py cbecs2117
srun -A urbanbem singularity exec -B .. openstudio_python.sif python json2idf.py cbecs6465
srun -A urbanbem singularity exec -B .. openstudio_python.sif python json2idf.py cbecs448
srun -A urbanbem singularity exec -B .. openstudio_python.sif python json2idf.py cbecs4524
srun -A urbanbem singularity exec -B .. openstudio_python.sif python json2idf.py cbecs3762
srun -A urbanbem singularity exec -B .. openstudio_python.sif python json2idf.py cbecs1028
srun -A urbanbem singularity exec -B .. openstudio_python.sif python json2idf.py cbecs533
srun -A urbanbem singularity exec -B .. openstudio_python.sif python json2idf.py cbecs5894
srun -A urbanbem singularity exec -B .. openstudio_python.sif python json2idf.py cbecs1707
srun -A urbanbem singularity exec -B .. openstudio_python.sif python json2idf.py cbecs5322
srun -A urbanbem singularity exec -B .. openstudio_python.sif python json2idf.py cbecs4727
srun -A urbanbem singularity exec -B .. openstudio_python.sif python json2idf.py cbecs3657
srun -A urbanbem singularity exec -B .. openstudio_python.sif python json2idf.py cbecs4845
srun -A urbanbem singularity exec -B .. openstudio_python.sif python json2idf.py cbecs5860
srun -A urbanbem singularity exec -B .. openstudio_python.sif python json2idf.py cbecs504
srun -A urbanbem singularity exec -B .. openstudio_python.sif python json2idf.py cbecs2633
srun -A urbanbem singularity exec -B .. openstudio_python.sif python json2idf.py cbecs1961
srun -A urbanbem singularity exec -B .. openstudio_python.sif python json2idf.py cbecs5049
srun -A urbanbem singularity exec -B .. openstudio_python.sif python json2idf.py cbecs4647
srun -A urbanbem singularity exec -B .. openstudio_python.sif python json2idf.py cbecs3671
srun -A urbanbem singularity exec -B .. openstudio_python.sif python json2idf.py cbecs4537
srun -A urbanbem singularity exec -B .. openstudio_python.sif python json2idf.py cbecs28
srun -A urbanbem singularity exec -B .. openstudio_python.sif python json2idf.py cbecs3952
srun -A urbanbem singularity exec -B .. openstudio_python.sif python json2idf.py cbecs1264
srun -A urbanbem singularity exec -B .. openstudio_python.sif python json2idf.py cbecs554
srun -A urbanbem singularity exec -B .. openstudio_python.sif python json2idf.py cbecs3612
srun -A urbanbem singularity exec -B .. openstudio_python.sif python json2idf.py cbecs1081
srun -A urbanbem singularity exec -B .. openstudio_python.sif python json2idf.py cbecs6665
srun -A urbanbem singularity exec -B .. openstudio_python.sif python json2idf.py cbecs5315
srun -A urbanbem singularity exec -B .. openstudio_python.sif python json2idf.py cbecs2873
srun -A urbanbem singularity exec -B .. openstudio_python.sif python json2idf.py cbecs1173
srun -A urbanbem singularity exec -B .. openstudio_python.sif python json2idf.py cbecs2604
srun -A urbanbem singularity exec -B .. openstudio_python.sif python json2idf.py cbecs5348
srun -A urbanbem singularity exec -B .. openstudio_python.sif python json2idf.py cbecs4425
srun -A urbanbem singularity exec -B .. openstudio_python.sif python json2idf.py cbecs2522
srun -A urbanbem singularity exec -B .. openstudio_python.sif python json2idf.py cbecs3153
srun -A urbanbem singularity exec -B .. openstudio_python.sif python json2idf.py cbecs4412
srun -A urbanbem singularity exec -B .. openstudio_python.sif python json2idf.py cbecs3575
srun -A urbanbem singularity exec -B .. openstudio_python.sif python json2idf.py cbecs4949
srun -A urbanbem singularity exec -B .. openstudio_python.sif python json2idf.py cbecs1591
srun -A urbanbem singularity exec -B .. openstudio_python.sif python json2idf.py cbecs6038
srun -A urbanbem singularity exec -B .. openstudio_python.sif python json2idf.py cbecs4048
srun -A urbanbem singularity exec -B .. openstudio_python.sif python json2idf.py cbecs3780
srun -A urbanbem singularity exec -B .. openstudio_python.sif python json2idf.py cbecs638
srun -A urbanbem singularity exec -B .. openstudio_python.sif python json2idf.py cbecs713
srun -A urbanbem singularity exec -B .. openstudio_python.sif python json2idf.py cbecs1387
srun -A urbanbem singularity exec -B .. openstudio_python.sif python json2idf.py cbecs3552
srun -A urbanbem singularity exec -B .. openstudio_python.sif python json2idf.py cbecs4974
srun -A urbanbem singularity exec -B .. openstudio_python.sif python json2idf.py cbecs877
srun -A urbanbem singularity exec -B .. openstudio_python.sif python json2idf.py cbecs1159
srun -A urbanbem singularity exec -B .. openstudio_python.sif python json2idf.py cbecs4708
srun -A urbanbem singularity exec -B .. openstudio_python.sif python json2idf.py cbecs1997
srun -A urbanbem singularity exec -B .. openstudio_python.sif python json2idf.py cbecs3306
srun -A urbanbem singularity exec -B .. openstudio_python.sif python json2idf.py cbecs1461
srun -A urbanbem singularity exec -B .. openstudio_python.sif python json2idf.py cbecs1988
srun -A urbanbem singularity exec -B .. openstudio_python.sif python json2idf.py cbecs586
srun -A urbanbem singularity exec -B .. openstudio_python.sif python json2idf.py cbecs5996
srun -A urbanbem singularity exec -B .. openstudio_python.sif python json2idf.py cbecs2064
srun -A urbanbem singularity exec -B .. openstudio_python.sif python json2idf.py cbecs1960
srun -A urbanbem singularity exec -B .. openstudio_python.sif python json2idf.py cbecs3789
srun -A urbanbem singularity exec -B .. openstudio_python.sif python json2idf.py cbecs4451
srun -A urbanbem singularity exec -B .. openstudio_python.sif python json2idf.py cbecs3848
srun -A urbanbem singularity exec -B .. openstudio_python.sif python json2idf.py cbecs6283
srun -A urbanbem singularity exec -B .. openstudio_python.sif python json2idf.py cbecs5823
srun -A urbanbem singularity exec -B .. openstudio_python.sif python json2idf.py cbecs1874
srun -A urbanbem singularity exec -B .. openstudio_python.sif python json2idf.py cbecs5259
srun -A urbanbem singularity exec -B .. openstudio_python.sif python json2idf.py cbecs3139
srun -A urbanbem singularity exec -B .. openstudio_python.sif python json2idf.py cbecs5917
srun -A urbanbem singularity exec -B .. openstudio_python.sif python json2idf.py cbecs3261
srun -A urbanbem singularity exec -B .. openstudio_python.sif python json2idf.py cbecs1080
srun -A urbanbem singularity exec -B .. openstudio_python.sif python json2idf.py cbecs3602
srun -A urbanbem singularity exec -B .. openstudio_python.sif python json2idf.py cbecs3350
srun -A urbanbem singularity exec -B .. openstudio_python.sif python json2idf.py cbecs4077
srun -A urbanbem singularity exec -B .. openstudio_python.sif python json2idf.py cbecs3478
srun -A urbanbem singularity exec -B .. openstudio_python.sif python json2idf.py cbecs6476
srun -A urbanbem singularity exec -B .. openstudio_python.sif python json2idf.py cbecs4600
srun -A urbanbem singularity exec -B .. openstudio_python.sif python json2idf.py cbecs1008
srun -A urbanbem singularity exec -B .. openstudio_python.sif python json2idf.py cbecs1782
srun -A urbanbem singularity exec -B .. openstudio_python.sif python json2idf.py cbecs5383
srun -A urbanbem singularity exec -B .. openstudio_python.sif python json2idf.py cbecs3255
srun -A urbanbem singularity exec -B .. openstudio_python.sif python json2idf.py cbecs2405
srun -A urbanbem singularity exec -B .. openstudio_python.sif python json2idf.py cbecs1521
srun -A urbanbem singularity exec -B .. openstudio_python.sif python json2idf.py cbecs896
srun -A urbanbem singularity exec -B .. openstudio_python.sif python json2idf.py cbecs295
srun -A urbanbem singularity exec -B .. openstudio_python.sif python json2idf.py cbecs3554
srun -A urbanbem singularity exec -B .. openstudio_python.sif python json2idf.py cbecs6197
srun -A urbanbem singularity exec -B .. openstudio_python.sif python json2idf.py cbecs6328
srun -A urbanbem singularity exec -B .. openstudio_python.sif python json2idf.py cbecs2711
srun -A urbanbem singularity exec -B .. openstudio_python.sif python json2idf.py cbecs25
srun -A urbanbem singularity exec -B .. openstudio_python.sif python json2idf.py cbecs3756
srun -A urbanbem singularity exec -B .. openstudio_python.sif python json2idf.py cbecs1254
srun -A urbanbem singularity exec -B .. openstudio_python.sif python json2idf.py cbecs4222
srun -A urbanbem singularity exec -B .. openstudio_python.sif python json2idf.py cbecs6650
srun -A urbanbem singularity exec -B .. openstudio_python.sif python json2idf.py cbecs4540
srun -A urbanbem singularity exec -B .. openstudio_python.sif python json2idf.py cbecs485
srun -A urbanbem singularity exec -B .. openstudio_python.sif python json2idf.py cbecs5312
srun -A urbanbem singularity exec -B .. openstudio_python.sif python json2idf.py cbecs1027
srun -A urbanbem singularity exec -B .. openstudio_python.sif python json2idf.py cbecs1629
srun -A urbanbem singularity exec -B .. openstudio_python.sif python json2idf.py cbecs6199
srun -A urbanbem singularity exec -B .. openstudio_python.sif python json2idf.py cbecs4930
srun -A urbanbem singularity exec -B .. openstudio_python.sif python json2idf.py cbecs4514
srun -A urbanbem singularity exec -B .. openstudio_python.sif python json2idf.py cbecs4145
srun -A urbanbem singularity exec -B .. openstudio_python.sif python json2idf.py cbecs3611
srun -A urbanbem singularity exec -B .. openstudio_python.sif python json2idf.py cbecs4450
srun -A urbanbem singularity exec -B .. openstudio_python.sif python json2idf.py cbecs6187
srun -A urbanbem singularity exec -B .. openstudio_python.sif python json2idf.py cbecs6612
srun -A urbanbem singularity exec -B .. openstudio_python.sif python json2idf.py cbecs2820
srun -A urbanbem singularity exec -B .. openstudio_python.sif python json2idf.py cbecs4681
srun -A urbanbem singularity exec -B .. openstudio_python.sif python json2idf.py cbecs3592
srun -A urbanbem singularity exec -B .. openstudio_python.sif python json2idf.py cbecs2435
srun -A urbanbem singularity exec -B .. openstudio_python.sif python json2idf.py cbecs5343
srun -A urbanbem singularity exec -B .. openstudio_python.sif python json2idf.py cbecs5842
srun -A urbanbem singularity exec -B .. openstudio_python.sif python json2idf.py cbecs4767
srun -A urbanbem singularity exec -B .. openstudio_python.sif python json2idf.py cbecs3386
srun -A urbanbem singularity exec -B .. openstudio_python.sif python json2idf.py cbecs2296
srun -A urbanbem singularity exec -B .. openstudio_python.sif python json2idf.py cbecs6336
srun -A urbanbem singularity exec -B .. openstudio_python.sif python json2idf.py cbecs5334
srun -A urbanbem singularity exec -B .. openstudio_python.sif python json2idf.py cbecs1841
srun -A urbanbem singularity exec -B .. openstudio_python.sif python json2idf.py cbecs4695
srun -A urbanbem singularity exec -B .. openstudio_python.sif python json2idf.py cbecs4610
srun -A urbanbem singularity exec -B .. openstudio_python.sif python json2idf.py cbecs2280
srun -A urbanbem singularity exec -B .. openstudio_python.sif python json2idf.py cbecs3348
srun -A urbanbem singularity exec -B .. openstudio_python.sif python json2idf.py cbecs5050
srun -A urbanbem singularity exec -B .. openstudio_python.sif python json2idf.py cbecs1077
srun -A urbanbem singularity exec -B .. openstudio_python.sif python json2idf.py cbecs5630
srun -A urbanbem singularity exec -B .. openstudio_python.sif python json2idf.py cbecs6518
srun -A urbanbem singularity exec -B .. openstudio_python.sif python json2idf.py cbecs1875
srun -A urbanbem singularity exec -B .. openstudio_python.sif python json2idf.py cbecs5005
srun -A urbanbem singularity exec -B .. openstudio_python.sif python json2idf.py cbecs2802
srun -A urbanbem singularity exec -B .. openstudio_python.sif python json2idf.py cbecs5622
srun -A urbanbem singularity exec -B .. openstudio_python.sif python json2idf.py cbecs4564
srun -A urbanbem singularity exec -B .. openstudio_python.sif python json2idf.py cbecs5127
srun -A urbanbem singularity exec -B .. openstudio_python.sif python json2idf.py cbecs83
srun -A urbanbem singularity exec -B .. openstudio_python.sif python json2idf.py cbecs1814
srun -A urbanbem singularity exec -B .. openstudio_python.sif python json2idf.py cbecs2065
srun -A urbanbem singularity exec -B .. openstudio_python.sif python json2idf.py cbecs918
srun -A urbanbem singularity exec -B .. openstudio_python.sif python json2idf.py cbecs4551
srun -A urbanbem singularity exec -B .. openstudio_python.sif python json2idf.py cbecs803
srun -A urbanbem singularity exec -B .. openstudio_python.sif python json2idf.py cbecs2987
srun -A urbanbem singularity exec -B .. openstudio_python.sif python json2idf.py cbecs2516
srun -A urbanbem singularity exec -B .. openstudio_python.sif python json2idf.py cbecs5374
srun -A urbanbem singularity exec -B .. openstudio_python.sif python json2idf.py cbecs1561
srun -A urbanbem singularity exec -B .. openstudio_python.sif python json2idf.py cbecs5797
srun -A urbanbem singularity exec -B .. openstudio_python.sif python json2idf.py cbecs5468
srun -A urbanbem singularity exec -B .. openstudio_python.sif python json2idf.py cbecs2899
srun -A urbanbem singularity exec -B .. openstudio_python.sif python json2idf.py cbecs282
srun -A urbanbem singularity exec -B .. openstudio_python.sif python json2idf.py cbecs3082
srun -A urbanbem singularity exec -B .. openstudio_python.sif python json2idf.py cbecs4139
srun -A urbanbem singularity exec -B .. openstudio_python.sif python json2idf.py cbecs2727
srun -A urbanbem singularity exec -B .. openstudio_python.sif python json2idf.py cbecs1766
srun -A urbanbem singularity exec -B .. openstudio_python.sif python json2idf.py cbecs4658
srun -A urbanbem singularity exec -B .. openstudio_python.sif python json2idf.py cbecs4216
srun -A urbanbem singularity exec -B .. openstudio_python.sif python json2idf.py cbecs2990
srun -A urbanbem singularity exec -B .. openstudio_python.sif python json2idf.py cbecs3849
srun -A urbanbem singularity exec -B .. openstudio_python.sif python json2idf.py cbecs6595
srun -A urbanbem singularity exec -B .. openstudio_python.sif python json2idf.py cbecs5316
srun -A urbanbem singularity exec -B .. openstudio_python.sif python json2idf.py cbecs2811
srun -A urbanbem singularity exec -B .. openstudio_python.sif python json2idf.py cbecs3659
srun -A urbanbem singularity exec -B .. openstudio_python.sif python json2idf.py cbecs461
srun -A urbanbem singularity exec -B .. openstudio_python.sif python json2idf.py cbecs4187
srun -A urbanbem singularity exec -B .. openstudio_python.sif python json2idf.py cbecs1084
srun -A urbanbem singularity exec -B .. openstudio_python.sif python json2idf.py cbecs3208
srun -A urbanbem singularity exec -B .. openstudio_python.sif python json2idf.py cbecs505
srun -A urbanbem singularity exec -B .. openstudio_python.sif python json2idf.py cbecs228
srun -A urbanbem singularity exec -B .. openstudio_python.sif python json2idf.py cbecs434
